<?xml version="1.0" encoding="UTF-8"?>
<testng-results ignored="0" total="1" passed="1" failed="0" skipped="0">
  <reporter-output>
  </reporter-output>
  <suite started-at="2023-04-02T17:52:33 IST" name="Default suite" finished-at="2023-04-02T17:53:22 IST" duration-ms="49402">
    <groups>
    </groups>
    <test started-at="2023-04-02T17:52:33 IST" name="Default test" finished-at="2023-04-02T17:53:22 IST" duration-ms="49402">
      <class name="leadsModule.Createoppurtunitywithcontacts_Test">
        <test-method signature="opportunityWithContacts()[pri:0, instance:leadsModule.Createoppurtunitywithcontacts_Test@59af0466]" started-at="2023-04-02T17:52:33 IST" name="opportunityWithContacts" finished-at="2023-04-02T17:53:22 IST" duration-ms="49211" status="PASS">
          <reporter-output>
          </reporter-output>
        </test-method> <!-- opportunityWithContacts -->
      </class> <!-- leadsModule.Createoppurtunitywithcontacts_Test -->
    </test> <!-- Default test -->
  </suite> <!-- Default suite -->
</testng-results>
